<?xml version="1.0" encoding="UTF-8"?>
<testsuite xmlns:xsi="http://www.w3.org/2001/XMLSchema-instance" xsi:noNamespaceSchemaLocation="https://maven.apache.org/surefire/maven-surefire-plugin/xsd/surefire-test-report-3.0.xsd" version="3.0" name="com.mycompany.b.l.db.DriverDBTest" time="0.439" tests="3" errors="0" skipped="0" failures="0">
  <properties>
    <property name="sun.desktop" value="windows"/>
    <property name="awt.toolkit" value="sun.awt.windows.WToolkit"/>
    <property name="netbeans.deploy" value="true"/>
    <property name="file.encoding.pkg" value="sun.io"/>
    <property name="java.specification.version" value="1.8"/>
    <property name="sun.cpu.isalist" value="amd64"/>
    <property name="sun.jnu.encoding" value="Cp1252"/>
    <property name="java.class.path" value="C:\Users\User\Downloads\B.L\target\test-classes;C:\Users\User\Downloads\B.L\target\classes;C:\Users\User\.m2\repository\com\google\code\gson\gson\2.11.0\gson-2.11.0.jar;C:\Users\User\.m2\repository\com\google\errorprone\error_prone_annotations\2.27.0\error_prone_annotations-2.27.0.jar;C:\Users\User\.m2\repository\mysql\mysql-connector-java\8.0.29\mysql-connector-java-8.0.29.jar;C:\Users\User\.m2\repository\com\google\protobuf\protobuf-java\3.19.4\protobuf-java-3.19.4.jar;C:\Users\User\.m2\repository\junit\junit\4.13.2\junit-4.13.2.jar;C:\Users\User\.m2\repository\org\hamcrest\hamcrest-core\1.3\hamcrest-core-1.3.jar;C:\Users\User\.m2\repository\org\slf4j\slf4j-api\2.0.16\slf4j-api-2.0.16.jar;C:\Users\User\.m2\repository\jakarta\platform\jakarta.jakartaee-api\8.0.0\jakarta.jakartaee-api-8.0.0.jar;C:\Users\User\.m2\repository\javax\javaee-web-api\7.0\javaee-web-api-7.0.jar;"/>
    <property name="java.vm.vendor" value="Azul Systems, Inc."/>
    <property name="sun.arch.data.model" value="64"/>
    <property name="user.variant" value=""/>
    <property name="java.vendor.url" value="http://www.azul.com/"/>
    <property name="user.timezone" value="Asia/Colombo"/>
    <property name="java.vm.specification.version" value="1.8"/>
    <property name="os.name" value="Windows 11"/>
    <property name="sun.java.launcher" value="SUN_STANDARD"/>
    <property name="user.country" value="US"/>
    <property name="sun.boot.library.path" value="C:\Users\User\OneDrive\Documents\NetBeansJDKs\zulu8.84.0.15-ca-jdk8.0.442-win_x64_2\zulu8.84.0.15-ca-jdk8.0.442-win_x64\jre\bin"/>
    <property name="sun.java.command" value="C:\Users\User\AppData\Local\Temp\surefire1468673470851431634\surefirebooter-20250216173359262_3.jar C:\Users\User\AppData\Local\Temp\surefire1468673470851431634 2025-02-16T17-33-58_934-jvmRun1 surefire-20250216173359262_1tmp surefire_0-20250216173359262_2tmp"/>
    <property name="surefire.test.class.path" value="C:\Users\User\Downloads\B.L\target\test-classes;C:\Users\User\Downloads\B.L\target\classes;C:\Users\User\.m2\repository\com\google\code\gson\gson\2.11.0\gson-2.11.0.jar;C:\Users\User\.m2\repository\com\google\errorprone\error_prone_annotations\2.27.0\error_prone_annotations-2.27.0.jar;C:\Users\User\.m2\repository\mysql\mysql-connector-java\8.0.29\mysql-connector-java-8.0.29.jar;C:\Users\User\.m2\repository\com\google\protobuf\protobuf-java\3.19.4\protobuf-java-3.19.4.jar;C:\Users\User\.m2\repository\junit\junit\4.13.2\junit-4.13.2.jar;C:\Users\User\.m2\repository\org\hamcrest\hamcrest-core\1.3\hamcrest-core-1.3.jar;C:\Users\User\.m2\repository\org\slf4j\slf4j-api\2.0.16\slf4j-api-2.0.16.jar;C:\Users\User\.m2\repository\jakarta\platform\jakarta.jakartaee-api\8.0.0\jakarta.jakartaee-api-8.0.0.jar;C:\Users\User\.m2\repository\javax\javaee-web-api\7.0\javaee-web-api-7.0.jar;"/>
    <property name="sun.cpu.endian" value="little"/>
    <property name="user.home" value="C:\Users\User"/>
    <property name="user.language" value="en"/>
    <property name="java.specification.vendor" value="Oracle Corporation"/>
    <property name="java.home" value="C:\Users\User\OneDrive\Documents\NetBeansJDKs\zulu8.84.0.15-ca-jdk8.0.442-win_x64_2\zulu8.84.0.15-ca-jdk8.0.442-win_x64\jre"/>
    <property name="basedir" value="C:\Users\User\Downloads\B.L"/>
    <property name="file.separator" value="\"/>
    <property name="line.separator" value="&#10;"/>
    <property name="jdk.vendor.version" value="Zulu 8.84.0.15-CA-win64"/>
    <property name="java.vm.specification.vendor" value="Oracle Corporation"/>
    <property name="java.specification.name" value="Java Platform API Specification"/>
    <property name="java.awt.graphicsenv" value="sun.awt.Win32GraphicsEnvironment"/>
    <property name="surefire.real.class.path" value="C:\Users\User\AppData\Local\Temp\surefire1468673470851431634\surefirebooter-20250216173359262_3.jar"/>
    <property name="sun.boot.class.path" value="C:\Users\User\OneDrive\Documents\NetBeansJDKs\zulu8.84.0.15-ca-jdk8.0.442-win_x64_2\zulu8.84.0.15-ca-jdk8.0.442-win_x64\jre\lib\resources.jar;C:\Users\User\OneDrive\Documents\NetBeansJDKs\zulu8.84.0.15-ca-jdk8.0.442-win_x64_2\zulu8.84.0.15-ca-jdk8.0.442-win_x64\jre\lib\rt.jar;C:\Users\User\OneDrive\Documents\NetBeansJDKs\zulu8.84.0.15-ca-jdk8.0.442-win_x64_2\zulu8.84.0.15-ca-jdk8.0.442-win_x64\jre\lib\sunrsasign.jar;C:\Users\User\OneDrive\Documents\NetBeansJDKs\zulu8.84.0.15-ca-jdk8.0.442-win_x64_2\zulu8.84.0.15-ca-jdk8.0.442-win_x64\jre\lib\jsse.jar;C:\Users\User\OneDrive\Documents\NetBeansJDKs\zulu8.84.0.15-ca-jdk8.0.442-win_x64_2\zulu8.84.0.15-ca-jdk8.0.442-win_x64\jre\lib\jce.jar;C:\Users\User\OneDrive\Documents\NetBeansJDKs\zulu8.84.0.15-ca-jdk8.0.442-win_x64_2\zulu8.84.0.15-ca-jdk8.0.442-win_x64\jre\lib\charsets.jar;C:\Users\User\OneDrive\Documents\NetBeansJDKs\zulu8.84.0.15-ca-jdk8.0.442-win_x64_2\zulu8.84.0.15-ca-jdk8.0.442-win_x64\jre\lib\jfr.jar;C:\Users\User\OneDrive\Documents\NetBeansJDKs\zulu8.84.0.15-ca-jdk8.0.442-win_x64_2\zulu8.84.0.15-ca-jdk8.0.442-win_x64\jre\lib\cat.jar;C:\Users\User\OneDrive\Documents\NetBeansJDKs\zulu8.84.0.15-ca-jdk8.0.442-win_x64_2\zulu8.84.0.15-ca-jdk8.0.442-win_x64\jre\classes"/>
    <property name="user.script" value=""/>
    <property name="sun.management.compiler" value="HotSpot 64-Bit Tiered Compilers"/>
    <property name="netbeans.deploy.clientUrlPart" value="/index.html"/>
    <property name="java.runtime.version" value="1.8.0_442-b06"/>
    <property name="user.name" value="User"/>
    <property name="path.separator" value=";"/>
    <property name="os.version" value="10.0"/>
    <property name="java.endorsed.dirs" value="C:\Users\User\OneDrive\Documents\NetBeansJDKs\zulu8.84.0.15-ca-jdk8.0.442-win_x64_2\zulu8.84.0.15-ca-jdk8.0.442-win_x64\jre\lib\endorsed"/>
    <property name="java.runtime.name" value="OpenJDK Runtime Environment"/>
    <property name="file.encoding" value="Cp1252"/>
    <property name="java.vm.name" value="OpenJDK 64-Bit Server VM"/>
    <property name="maven.ext.class.path" value="C:\Program Files\NetBeans-23\netbeans\java\maven-nblib\netbeans-eventspy.jar"/>
    <property name="localRepository" value="C:\Users\User\.m2\repository"/>
    <property name="java.vendor.url.bug" value="http://www.azul.com/support/"/>
    <property name="java.io.tmpdir" value="C:\Users\User\AppData\Local\Temp\"/>
    <property name="java.version" value="1.8.0_442"/>
    <property name="user.dir" value="C:\Users\User\Downloads\B.L"/>
    <property name="os.arch" value="amd64"/>
    <property name="java.vm.specification.name" value="Java Virtual Machine Specification"/>
    <property name="java.awt.printerjob" value="sun.awt.windows.WPrinterJob"/>
    <property name="sun.os.patch.level" value=""/>
    <property name="java.library.path" value="C:\Users\User\OneDrive\Documents\NetBeansJDKs\zulu8.84.0.15-ca-jdk8.0.442-win_x64_2\zulu8.84.0.15-ca-jdk8.0.442-win_x64\jre\bin;C:\WINDOWS\Sun\Java\bin;C:\WINDOWS\system32;C:\WINDOWS;C:\Program Files\Common Files\Oracle\Java\javapath;C:\Program Files (x86)\Common Files\Oracle\Java\java8path;C:\Program Files (x86)\Common Files\Oracle\Java\javapath;C:\Python312\Scripts\;C:\Python312\;C:\WINDOWS\system32;C:\WINDOWS;C:\WINDOWS\System32\Wbem;C:\WINDOWS\System32\WindowsPowerShell\v1.0\;C:\WINDOWS\System32\OpenSSH\;C:\Program Files (x86)\Microsoft SQL Server\160\Tools\Binn\;C:\Program Files\Microsoft SQL Server\160\Tools\Binn\;C:\Program Files\Microsoft SQL Server\Client SDK\ODBC\170\Tools\Binn\;C:\Program Files\Microsoft SQL Server\160\DTS\Binn\;C:\Program Files\Microsoft SQL Server\150\Tools\Binn\;C:\Program Files\dotnet\;C:\Program Files (x86)\Microsoft SQL Server\160\DTS\Binn\;C:\Program Files\nodejs\;C:\ProgramData\chocolatey\bin;C:\ngrok;C:\Program Files\Git\cmd;C:\Users\User\AppData\Local\Microsoft\WindowsApps;C:\Users\User\.dotnet\tools;C:\Users\User\AppData\Local\Programs\Microsoft VS Code\bin;C:\Users\User\AppData\Roaming\npm;C:\Users\User\AppData\Local\GitHubDesktop\bin;."/>
    <property name="java.vm.info" value="mixed mode"/>
    <property name="java.vendor" value="Azul Systems, Inc."/>
    <property name="java.vm.version" value="25.442-b06"/>
    <property name="java.specification.maintenance.version" value="6"/>
    <property name="java.ext.dirs" value="C:\Users\User\OneDrive\Documents\NetBeansJDKs\zulu8.84.0.15-ca-jdk8.0.442-win_x64_2\zulu8.84.0.15-ca-jdk8.0.442-win_x64\jre\lib\ext;C:\WINDOWS\Sun\Java\lib\ext"/>
    <property name="sun.io.unicode.encoding" value="UnicodeLittle"/>
    <property name="java.class.version" value="52.0"/>
  </properties>
  <testcase name="testGetDriverById" classname="com.mycompany.b.l.db.DriverDBTest" time="0.328">
    <system-out><![CDATA[getDriverById
]]></system-out>
  </testcase>
  <testcase name="testUpdateDriver" classname="com.mycompany.b.l.db.DriverDBTest" time="0.039">
    <system-out><![CDATA[updateDriver
]]></system-out>
    <system-err><![CDATA[Feb 16, 2025 5:34:00 PM com.mycompany.b.l.db.DriverDB updateDriver
INFO: Driver updated successfully: 4
]]></system-err>
  </testcase>
  <testcase name="testGetAllDrivers" classname="com.mycompany.b.l.db.DriverDBTest" time="0.012">
    <system-out><![CDATA[getAllDrivers
Driver [driverID=1, name=John Doe, nic=123456789V, licenseNumber=LIC123456, licenseExpiryDate=2025-12-31, phoneNumber=+94123456789, address=123 Main St, Colombo, email=john.doe@example.com, dateOfBirth=1990-05-15, gender=Male, assignedCarID=10, availability=true, yearsOfExperience=5, rating=4.5, lastTripDate=2023-10-01, emergencyContact=+94123456780, salary=50000.0]
Driver [driverID=4, name=Updated Name, nic=665555V, licenseNumber=AB1234567, licenseExpiryDate=2025-12-31, phoneNumber=077736366726, address=123 New Street, City, email=updatedemail@example.com, dateOfBirth=1985-05-12, gender=Male, assignedCarID=8, availability=true, yearsOfExperience=10, rating=4.5, lastTripDate=2025-01-25, emergencyContact=911, salary=50000.0]
Driver [driverID=5, name=Robert Wilson, nic=567890123V, licenseNumber=B5678901, licenseExpiryDate=2029-07-30, phoneNumber=0775678901, address=753 Maple Lane, City, email=robertw@email.com, dateOfBirth=1988-06-21, gender=Male, assignedCarID=10, availability=true, yearsOfExperience=12, rating=4.7, lastTripDate=2025-02-02, emergencyContact=072, salary=49000.0]
Driver [driverID=7, name=David Martinez, nic=789012345V, licenseNumber=B7890123, licenseExpiryDate=2027-09-18, phoneNumber=0777890123, address=369 Cedar Rd, City, email=davidm@email.com, dateOfBirth=1987-04-19, gender=Male, assignedCarID=10, availability=true, yearsOfExperience=11, rating=4.8, lastTripDate=2025-02-07, emergencyContact=179, salary=51000.0]
Driver [driverID=9, name=Daniel Harris, nic=901234567V, licenseNumber=B9012345, licenseExpiryDate=2028-01-12, phoneNumber=0779012345, address=258 Redwood St, City, email=danielh@email.com, dateOfBirth=1991-10-10, gender=Male, assignedCarID=10, availability=true, yearsOfExperience=9, rating=4.6, lastTripDate=2025-02-05, emergencyContact=079, salary=48500.0]
Driver [driverID=10, name=Sophia Clark, nic=012345678V, licenseNumber=B0123456, licenseExpiryDate=2027-04-08, phoneNumber=0770123456, address=753 Chestnut Ln, City, email=sophiac@email.com, dateOfBirth=1989-05-15, gender=Female, assignedCarID=9, availability=true, yearsOfExperience=10, rating=4.7, lastTripDate=2025-02-06, emergencyContact=079, salary=49500.0]
Driver [driverID=12, name=John Doe, nic=12398376456789V, licenseNumber=L12345678, licenseExpiryDate=2027-12-31, phoneNumber=0712345678, address=1234 Elm Street, City, email=johndoe@email.com, dateOfBirth=1985-06-15, gender=Male, assignedCarID=9, availability=true, yearsOfExperience=5, rating=4.5, lastTripDate=2025-12-20, emergencyContact=0771234567, salary=4000.0]
Driver [driverID=23, name=Lewis davidson, nic=444444444444V, licenseNumber=44, licenseExpiryDate=2028-12-20, phoneNumber=07098765458, address=1234, Main St,uk, email=LewisHamilton@gmail.com, dateOfBirth=1985-08-15, gender=Male, assignedCarID=8, availability=true, yearsOfExperience=5, rating=4.5, lastTripDate=2025-02-01, emergencyContact=0712345679, salary=3000.0]
Driver [driverID=25, name=Carlos sainz, nic=112222333V, licenseNumber=gfd0982327, licenseExpiryDate=2028-12-20, phoneNumber=0796875553, address=12346, Main St,uk, email=carlossainz1@gmail.com, dateOfBirth=1985-08-15, gender=Male, assignedCarID=8, availability=true, yearsOfExperience=5, rating=4.5, lastTripDate=2025-02-01, emergencyContact=0712987645679, salary=30000.0]
Driver [driverID=26, name=Connan Gray, nic=19222333V, licenseNumber=gfd09867227, licenseExpiryDate=2028-12-20, phoneNumber=0709877777, address=1288, Main St,usa, email=ConnanGray@gmail.com, dateOfBirth=1985-08-15, gender=Male, assignedCarID=8, availability=true, yearsOfExperience=5, rating=4.5, lastTripDate=2025-02-01, emergencyContact=0712987645679, salary=30000.0]
Driver [driverID=29, name=Taylor Swift, nic=19222399V, licenseNumber=C21344, licenseExpiryDate=2028-12-20, phoneNumber=0765678765, address=1288, Main2 St, USA, email=Taylor@gmail.com, dateOfBirth=1985-08-15, gender=Female, assignedCarID=8, availability=true, yearsOfExperience=5, rating=4.5, lastTripDate=2025-02-01, emergencyContact=0712987645679, salary=320000.0]
Driver [driverID=30, name=Chan, nic=900000000v, licenseNumber=1122223d, licenseExpiryDate=2025-12-02, phoneNumber=0719561082, address=Railway, email=X@gmail.com, dateOfBirth=2002-03-03, gender=Male, assignedCarID=8, availability=true, yearsOfExperience=8, rating=5.0, lastTripDate=2025-01-02, emergencyContact=777, salary=60000.0]
]]></system-out>
    <system-err><![CDATA[Feb 16, 2025 5:34:00 PM com.mycompany.b.l.db.DriverDB getAllDrivers
INFO: Fetched 12 drivers from DB
]]></system-err>
  </testcase>
</testsuite>