<?xml version="1.0" encoding="UTF-8"?>
<testsuite xmlns:xsi="http://www.w3.org/2001/XMLSchema-instance" xsi:noNamespaceSchemaLocation="https://maven.apache.org/surefire/maven-surefire-plugin/xsd/surefire-test-report-3.0.xsd" version="3.0" name="com.mycompany.b.l.db.CustomerDAOTest" time="0.009" tests="8" errors="0" skipped="0" failures="0">
  <properties>
    <property name="sun.desktop" value="windows"/>
    <property name="awt.toolkit" value="sun.awt.windows.WToolkit"/>
    <property name="netbeans.deploy" value="true"/>
    <property name="file.encoding.pkg" value="sun.io"/>
    <property name="java.specification.version" value="1.8"/>
    <property name="sun.cpu.isalist" value="amd64"/>
    <property name="sun.jnu.encoding" value="Cp1252"/>
    <property name="java.class.path" value="C:\Users\User\Downloads\B.L\target\test-classes;C:\Users\User\Downloads\B.L\target\classes;C:\Users\User\.m2\repository\com\google\code\gson\gson\2.11.0\gson-2.11.0.jar;C:\Users\User\.m2\repository\com\google\errorprone\error_prone_annotations\2.27.0\error_prone_annotations-2.27.0.jar;C:\Users\User\.m2\repository\mysql\mysql-connector-java\8.0.29\mysql-connector-java-8.0.29.jar;C:\Users\User\.m2\repository\com\google\protobuf\protobuf-java\3.19.4\protobuf-java-3.19.4.jar;C:\Users\User\.m2\repository\junit\junit\4.13.2\junit-4.13.2.jar;C:\Users\User\.m2\repository\org\hamcrest\hamcrest-core\1.3\hamcrest-core-1.3.jar;C:\Users\User\.m2\repository\org\slf4j\slf4j-api\2.0.16\slf4j-api-2.0.16.jar;C:\Users\User\.m2\repository\jakarta\platform\jakarta.jakartaee-api\8.0.0\jakarta.jakartaee-api-8.0.0.jar;C:\Users\User\.m2\repository\com\fasterxml\jackson\jaxrs\jackson-jaxrs-json-provider\2.13.0\jackson-jaxrs-json-provider-2.13.0.jar;C:\Users\User\.m2\repository\com\fasterxml\jackson\jaxrs\jackson-jaxrs-base\2.13.0\jackson-jaxrs-base-2.13.0.jar;C:\Users\User\.m2\repository\com\fasterxml\jackson\core\jackson-core\2.13.0\jackson-core-2.13.0.jar;C:\Users\User\.m2\repository\com\fasterxml\jackson\core\jackson-databind\2.13.0\jackson-databind-2.13.0.jar;C:\Users\User\.m2\repository\com\fasterxml\jackson\module\jackson-module-jaxb-annotations\2.13.0\jackson-module-jaxb-annotations-2.13.0.jar;C:\Users\User\.m2\repository\com\fasterxml\jackson\core\jackson-annotations\2.13.0\jackson-annotations-2.13.0.jar;C:\Users\User\.m2\repository\jakarta\xml\bind\jakarta.xml.bind-api\2.3.3\jakarta.xml.bind-api-2.3.3.jar;C:\Users\User\.m2\repository\jakarta\activation\jakarta.activation-api\1.2.1\jakarta.activation-api-1.2.1.jar;C:\Users\User\.m2\repository\javax\javaee-web-api\7.0\javaee-web-api-7.0.jar;"/>
    <property name="java.vm.vendor" value="Azul Systems, Inc."/>
    <property name="sun.arch.data.model" value="64"/>
    <property name="user.variant" value=""/>
    <property name="java.vendor.url" value="http://www.azul.com/"/>
    <property name="user.timezone" value="Asia/Colombo"/>
    <property name="java.vm.specification.version" value="1.8"/>
    <property name="os.name" value="Windows 11"/>
    <property name="sun.java.launcher" value="SUN_STANDARD"/>
    <property name="user.country" value="US"/>
    <property name="sun.boot.library.path" value="C:\Users\User\OneDrive\Documents\NetBeansJDKs\zulu8.84.0.15-ca-jdk8.0.442-win_x64_2\zulu8.84.0.15-ca-jdk8.0.442-win_x64\jre\bin"/>
    <property name="sun.java.command" value="C:\Users\User\AppData\Local\Temp\surefire2359194321753439841\surefirebooter-20250314003437732_3.jar C:\Users\User\AppData\Local\Temp\surefire2359194321753439841 2025-03-14T00-34-37_451-jvmRun1 surefire-20250314003437732_1tmp surefire_0-20250314003437732_2tmp"/>
    <property name="surefire.test.class.path" value="C:\Users\User\Downloads\B.L\target\test-classes;C:\Users\User\Downloads\B.L\target\classes;C:\Users\User\.m2\repository\com\google\code\gson\gson\2.11.0\gson-2.11.0.jar;C:\Users\User\.m2\repository\com\google\errorprone\error_prone_annotations\2.27.0\error_prone_annotations-2.27.0.jar;C:\Users\User\.m2\repository\mysql\mysql-connector-java\8.0.29\mysql-connector-java-8.0.29.jar;C:\Users\User\.m2\repository\com\google\protobuf\protobuf-java\3.19.4\protobuf-java-3.19.4.jar;C:\Users\User\.m2\repository\junit\junit\4.13.2\junit-4.13.2.jar;C:\Users\User\.m2\repository\org\hamcrest\hamcrest-core\1.3\hamcrest-core-1.3.jar;C:\Users\User\.m2\repository\org\slf4j\slf4j-api\2.0.16\slf4j-api-2.0.16.jar;C:\Users\User\.m2\repository\jakarta\platform\jakarta.jakartaee-api\8.0.0\jakarta.jakartaee-api-8.0.0.jar;C:\Users\User\.m2\repository\com\fasterxml\jackson\jaxrs\jackson-jaxrs-json-provider\2.13.0\jackson-jaxrs-json-provider-2.13.0.jar;C:\Users\User\.m2\repository\com\fasterxml\jackson\jaxrs\jackson-jaxrs-base\2.13.0\jackson-jaxrs-base-2.13.0.jar;C:\Users\User\.m2\repository\com\fasterxml\jackson\core\jackson-core\2.13.0\jackson-core-2.13.0.jar;C:\Users\User\.m2\repository\com\fasterxml\jackson\core\jackson-databind\2.13.0\jackson-databind-2.13.0.jar;C:\Users\User\.m2\repository\com\fasterxml\jackson\module\jackson-module-jaxb-annotations\2.13.0\jackson-module-jaxb-annotations-2.13.0.jar;C:\Users\User\.m2\repository\com\fasterxml\jackson\core\jackson-annotations\2.13.0\jackson-annotations-2.13.0.jar;C:\Users\User\.m2\repository\jakarta\xml\bind\jakarta.xml.bind-api\2.3.3\jakarta.xml.bind-api-2.3.3.jar;C:\Users\User\.m2\repository\jakarta\activation\jakarta.activation-api\1.2.1\jakarta.activation-api-1.2.1.jar;C:\Users\User\.m2\repository\javax\javaee-web-api\7.0\javaee-web-api-7.0.jar;"/>
    <property name="sun.cpu.endian" value="little"/>
    <property name="user.home" value="C:\Users\User"/>
    <property name="user.language" value="en"/>
    <property name="java.specification.vendor" value="Oracle Corporation"/>
    <property name="java.home" value="C:\Users\User\OneDrive\Documents\NetBeansJDKs\zulu8.84.0.15-ca-jdk8.0.442-win_x64_2\zulu8.84.0.15-ca-jdk8.0.442-win_x64\jre"/>
    <property name="basedir" value="C:\Users\User\Downloads\B.L"/>
    <property name="file.separator" value="\"/>
    <property name="line.separator" value="&#10;"/>
    <property name="jdk.vendor.version" value="Zulu 8.84.0.15-CA-win64"/>
    <property name="java.vm.specification.vendor" value="Oracle Corporation"/>
    <property name="java.specification.name" value="Java Platform API Specification"/>
    <property name="java.awt.graphicsenv" value="sun.awt.Win32GraphicsEnvironment"/>
    <property name="surefire.real.class.path" value="C:\Users\User\AppData\Local\Temp\surefire2359194321753439841\surefirebooter-20250314003437732_3.jar"/>
    <property name="sun.boot.class.path" value="C:\Users\User\OneDrive\Documents\NetBeansJDKs\zulu8.84.0.15-ca-jdk8.0.442-win_x64_2\zulu8.84.0.15-ca-jdk8.0.442-win_x64\jre\lib\resources.jar;C:\Users\User\OneDrive\Documents\NetBeansJDKs\zulu8.84.0.15-ca-jdk8.0.442-win_x64_2\zulu8.84.0.15-ca-jdk8.0.442-win_x64\jre\lib\rt.jar;C:\Users\User\OneDrive\Documents\NetBeansJDKs\zulu8.84.0.15-ca-jdk8.0.442-win_x64_2\zulu8.84.0.15-ca-jdk8.0.442-win_x64\jre\lib\sunrsasign.jar;C:\Users\User\OneDrive\Documents\NetBeansJDKs\zulu8.84.0.15-ca-jdk8.0.442-win_x64_2\zulu8.84.0.15-ca-jdk8.0.442-win_x64\jre\lib\jsse.jar;C:\Users\User\OneDrive\Documents\NetBeansJDKs\zulu8.84.0.15-ca-jdk8.0.442-win_x64_2\zulu8.84.0.15-ca-jdk8.0.442-win_x64\jre\lib\jce.jar;C:\Users\User\OneDrive\Documents\NetBeansJDKs\zulu8.84.0.15-ca-jdk8.0.442-win_x64_2\zulu8.84.0.15-ca-jdk8.0.442-win_x64\jre\lib\charsets.jar;C:\Users\User\OneDrive\Documents\NetBeansJDKs\zulu8.84.0.15-ca-jdk8.0.442-win_x64_2\zulu8.84.0.15-ca-jdk8.0.442-win_x64\jre\lib\jfr.jar;C:\Users\User\OneDrive\Documents\NetBeansJDKs\zulu8.84.0.15-ca-jdk8.0.442-win_x64_2\zulu8.84.0.15-ca-jdk8.0.442-win_x64\jre\lib\cat.jar;C:\Users\User\OneDrive\Documents\NetBeansJDKs\zulu8.84.0.15-ca-jdk8.0.442-win_x64_2\zulu8.84.0.15-ca-jdk8.0.442-win_x64\jre\classes"/>
    <property name="user.script" value=""/>
    <property name="sun.management.compiler" value="HotSpot 64-Bit Tiered Compilers"/>
    <property name="netbeans.deploy.clientUrlPart" value="/index.html"/>
    <property name="java.runtime.version" value="1.8.0_442-b06"/>
    <property name="user.name" value="User"/>
    <property name="path.separator" value=";"/>
    <property name="os.version" value="10.0"/>
    <property name="java.endorsed.dirs" value="C:\Users\User\OneDrive\Documents\NetBeansJDKs\zulu8.84.0.15-ca-jdk8.0.442-win_x64_2\zulu8.84.0.15-ca-jdk8.0.442-win_x64\jre\lib\endorsed"/>
    <property name="java.runtime.name" value="OpenJDK Runtime Environment"/>
    <property name="file.encoding" value="Cp1252"/>
    <property name="java.vm.name" value="OpenJDK 64-Bit Server VM"/>
    <property name="maven.ext.class.path" value="C:\Program Files\NetBeans-23\netbeans\java\maven-nblib\netbeans-eventspy.jar"/>
    <property name="localRepository" value="C:\Users\User\.m2\repository"/>
    <property name="java.vendor.url.bug" value="http://www.azul.com/support/"/>
    <property name="java.io.tmpdir" value="C:\Users\User\AppData\Local\Temp\"/>
    <property name="java.version" value="1.8.0_442"/>
    <property name="user.dir" value="C:\Users\User\Downloads\B.L"/>
    <property name="os.arch" value="amd64"/>
    <property name="java.vm.specification.name" value="Java Virtual Machine Specification"/>
    <property name="java.awt.printerjob" value="sun.awt.windows.WPrinterJob"/>
    <property name="sun.os.patch.level" value=""/>
    <property name="java.library.path" value="C:\Users\User\OneDrive\Documents\NetBeansJDKs\zulu8.84.0.15-ca-jdk8.0.442-win_x64_2\zulu8.84.0.15-ca-jdk8.0.442-win_x64\jre\bin;C:\WINDOWS\Sun\Java\bin;C:\WINDOWS\system32;C:\WINDOWS;C:\Program Files\Common Files\Oracle\Java\javapath;C:\Program Files (x86)\Common Files\Oracle\Java\java8path;C:\Program Files (x86)\Common Files\Oracle\Java\javapath;C:\Python312\Scripts\;C:\Python312\;C:\WINDOWS\system32;C:\WINDOWS;C:\WINDOWS\System32\Wbem;C:\WINDOWS\System32\WindowsPowerShell\v1.0\;C:\WINDOWS\System32\OpenSSH\;C:\Program Files (x86)\Microsoft SQL Server\160\Tools\Binn\;C:\Program Files\Microsoft SQL Server\160\Tools\Binn\;C:\Program Files\Microsoft SQL Server\Client SDK\ODBC\170\Tools\Binn\;C:\Program Files\Microsoft SQL Server\160\DTS\Binn\;C:\Program Files\Microsoft SQL Server\150\Tools\Binn\;C:\Program Files\dotnet\;C:\Program Files (x86)\Microsoft SQL Server\160\DTS\Binn\;C:\Program Files\nodejs\;C:\ProgramData\chocolatey\bin;C:\ngrok;C:\Program Files\Git\cmd;C:\Users\User\AppData\Local\Microsoft\WindowsApps;C:\Users\User\.dotnet\tools;C:\Users\User\AppData\Local\Programs\Microsoft VS Code\bin;C:\Users\User\AppData\Roaming\npm;C:\Users\User\AppData\Local\GitHubDesktop\bin;."/>
    <property name="java.vm.info" value="mixed mode"/>
    <property name="java.vendor" value="Azul Systems, Inc."/>
    <property name="java.vm.version" value="25.442-b06"/>
    <property name="java.specification.maintenance.version" value="6"/>
    <property name="java.ext.dirs" value="C:\Users\User\OneDrive\Documents\NetBeansJDKs\zulu8.84.0.15-ca-jdk8.0.442-win_x64_2\zulu8.84.0.15-ca-jdk8.0.442-win_x64\jre\lib\ext;C:\WINDOWS\Sun\Java\lib\ext"/>
    <property name="sun.io.unicode.encoding" value="UnicodeLittle"/>
    <property name="java.class.version" value="52.0"/>
  </properties>
  <testcase name="testGetCustomerById" classname="com.mycompany.b.l.db.CustomerDAOTest" time="0.0">
    <system-out><![CDATA[getCustomerById
]]></system-out>
  </testcase>
  <testcase name="testIsUsernameExists" classname="com.mycompany.b.l.db.CustomerDAOTest" time="0.0">
    <system-out><![CDATA[isUsernameExists
]]></system-out>
  </testcase>
  <testcase name="testAuthenticateCustomer_Successful" classname="com.mycompany.b.l.db.CustomerDAOTest" time="0.003">
    <system-out><![CDATA[testAuthenticateCustomer_Successful
]]></system-out>
  </testcase>
  <testcase name="testSearchCustomers" classname="com.mycompany.b.l.db.CustomerDAOTest" time="0.0">
    <system-out><![CDATA[searchCustomers
]]></system-out>
  </testcase>
  <testcase name="testGetAllCustomers" classname="com.mycompany.b.l.db.CustomerDAOTest" time="0.0">
    <system-out><![CDATA[getAllCustomers
com.mycompany.b.l.db.Customer@48fa0f47
com.mycompany.b.l.db.Customer@6ac13091
com.mycompany.b.l.db.Customer@5e316c74
com.mycompany.b.l.db.Customer@6d2a209c
com.mycompany.b.l.db.Customer@75329a49
com.mycompany.b.l.db.Customer@161479c6
com.mycompany.b.l.db.Customer@4313f5bc
com.mycompany.b.l.db.Customer@7f010382
com.mycompany.b.l.db.Customer@1e802ef9
com.mycompany.b.l.db.Customer@2b6faea6
com.mycompany.b.l.db.Customer@778d1062
com.mycompany.b.l.db.Customer@670002
com.mycompany.b.l.db.Customer@1f0f1111
com.mycompany.b.l.db.Customer@49c386c8
com.mycompany.b.l.db.Customer@56528192
com.mycompany.b.l.db.Customer@6e0dec4a
com.mycompany.b.l.db.Customer@96def03
com.mycompany.b.l.db.Customer@5ccddd20
com.mycompany.b.l.db.Customer@1ed1993a
com.mycompany.b.l.db.Customer@1f3f4916
com.mycompany.b.l.db.Customer@794cb805
com.mycompany.b.l.db.Customer@4b5a5ed1
]]></system-out>
  </testcase>
  <testcase name="testUpdateCustomer" classname="com.mycompany.b.l.db.CustomerDAOTest" time="0.002">
    <system-out><![CDATA[updateCustomer
]]></system-out>
  </testcase>
  <testcase name="testAuthenticateCustomer_Failed" classname="com.mycompany.b.l.db.CustomerDAOTest" time="0.0">
    <system-out><![CDATA[testAuthenticateCustomer_Failed
]]></system-out>
  </testcase>
  <testcase name="testIsEmailExists" classname="com.mycompany.b.l.db.CustomerDAOTest" time="0.001">
    <system-out><![CDATA[isEmailExists
]]></system-out>
  </testcase>
</testsuite>